Determining if the pthread_create exist failed with the following output:
Change Dir: /usr/home/students/stud16/cse63260/catkin_ws/build/CMakeFiles/CMakeTmp

Run Build Command:"/usr/bin/make" "cmTC_47e5b/fast"
make: Warning: File 'Makefile' has modification time 0,77 s in the future
/usr/bin/make -f CMakeFiles/cmTC_47e5b.dir/build.make CMakeFiles/cmTC_47e5b.dir/build
make[1]: Entering directory '/usr/home/students/stud16/cse63260/catkin_ws/build/CMakeFiles/CMakeTmp'
make[1]: Warning: File 'CMakeFiles/cmTC_47e5b.dir/flags.make' has modification time 0,75 s in the future
Building C object CMakeFiles/cmTC_47e5b.dir/CheckSymbolExists.c.o
/usr/bin/cc    -o CMakeFiles/cmTC_47e5b.dir/CheckSymbolExists.c.o   -c /usr/home/students/stud16/cse63260/catkin_ws/build/CMakeFiles/CMakeTmp/CheckSymbolExists.c
Linking C executable cmTC_47e5b
/usr/bin/cmake -E cmake_link_script CMakeFiles/cmTC_47e5b.dir/link.txt --verbose=1
/usr/bin/cc      -rdynamic CMakeFiles/cmTC_47e5b.dir/CheckSymbolExists.c.o  -o cmTC_47e5b 
CMakeFiles/cmTC_47e5b.dir/CheckSymbolExists.c.o: In function `main':
CheckSymbolExists.c:(.text+0x1b): undefined reference to `pthread_create'
collect2: error: ld returned 1 exit status
CMakeFiles/cmTC_47e5b.dir/build.make:97: recipe for target 'cmTC_47e5b' failed
make[1]: *** [cmTC_47e5b] Error 1
make[1]: Leaving directory '/usr/home/students/stud16/cse63260/catkin_ws/build/CMakeFiles/CMakeTmp'
Makefile:126: recipe for target 'cmTC_47e5b/fast' failed
make: *** [cmTC_47e5b/fast] Error 2

File /usr/home/students/stud16/cse63260/catkin_ws/build/CMakeFiles/CMakeTmp/CheckSymbolExists.c:
/* */
#include <pthread.h>

int main(int argc, char** argv)
{
  (void)argv;
#ifndef pthread_create
  return ((int*)(&pthread_create))[argc];
#else
  (void)argc;
  return 0;
#endif
}

Determining if the function pthread_create exists in the pthreads failed with the following output:
Change Dir: /usr/home/students/stud16/cse63260/catkin_ws/build/CMakeFiles/CMakeTmp

Run Build Command:"/usr/bin/make" "cmTC_ed62e/fast"
make: Warning: File 'Makefile' has modification time 0,76 s in the future
/usr/bin/make -f CMakeFiles/cmTC_ed62e.dir/build.make CMakeFiles/cmTC_ed62e.dir/build
make[1]: Entering directory '/usr/home/students/stud16/cse63260/catkin_ws/build/CMakeFiles/CMakeTmp'
make[1]: Warning: File 'CMakeFiles/cmTC_ed62e.dir/flags.make' has modification time 0,74 s in the future
Building C object CMakeFiles/cmTC_ed62e.dir/CheckFunctionExists.c.o
/usr/bin/cc   -DCHECK_FUNCTION_EXISTS=pthread_create   -o CMakeFiles/cmTC_ed62e.dir/CheckFunctionExists.c.o   -c /usr/share/cmake-3.10/Modules/CheckFunctionExists.c
Linking C executable cmTC_ed62e
/usr/bin/cmake -E cmake_link_script CMakeFiles/cmTC_ed62e.dir/link.txt --verbose=1
/usr/bin/cc  -DCHECK_FUNCTION_EXISTS=pthread_create    -rdynamic CMakeFiles/cmTC_ed62e.dir/CheckFunctionExists.c.o  -o cmTC_ed62e -lpthreads 
/usr/bin/ld: cannot find -lpthreads
collect2: error: ld returned 1 exit status
CMakeFiles/cmTC_ed62e.dir/build.make:97: recipe for target 'cmTC_ed62e' failed
make[1]: *** [cmTC_ed62e] Error 1
make[1]: Leaving directory '/usr/home/students/stud16/cse63260/catkin_ws/build/CMakeFiles/CMakeTmp'
Makefile:126: recipe for target 'cmTC_ed62e/fast' failed
make: *** [cmTC_ed62e/fast] Error 2


